<?xml version="1.0" encoding="UTF-8"?>
<!-- Generated by org.testng.reporters.JUnitReportReporter -->
<testsuite skipped="0" hostname="EPUALVIW0358" name="com.epam.lab.jenk.hello.AppTest" tests="1" failures="0" timestamp="05 Aug 2017 11:46:07 GMT" time="0.026" errors="0">
  <testcase name="test" time="0.026" classname="com.epam.lab.jenk.hello.AppTest"/>
</testsuite> <!-- com.epam.lab.jenk.hello.AppTest -->
